2025-12-12 16:32:32 - getShippingFee
Distance: 0.5 km, Method: 1
Cart items: 1
Distributor emails: ["namulsa18@gmail.com"]
Single distributor: namulsa18@gmail.com
Custom fee result: {"fee":7500,"days":3}
2025-12-12 22:59:01 - getShippingFee
Distance: 10 km, Method: 1
Cart items: 1
Distributor emails: ["namulsa18@gmail.com"]
Single distributor: namulsa18@gmail.com
Custom fee result: {"fee":200000,"days":3}
2025-12-12 23:29:45 - getShippingFee
Distance: 0.5 km, Method: 1
Cart items: 1
Distributor emails: ["namulsa18@gmail.com"]
Single distributor: namulsa18@gmail.com
Custom fee result: {"fee":7500,"days":3}
2025-12-12 23:29:47 - getShippingFee
Distance: 0.5 km, Method: 2
Cart items: 1
Distributor emails: ["namulsa18@gmail.com"]
Single distributor: namulsa18@gmail.com
Custom fee result: {"fee":12500,"days":2}
2025-12-12 23:29:49 - getShippingFee
Distance: 0.5 km, Method: 3
Cart items: 1
Distributor emails: ["namulsa18@gmail.com"]
Single distributor: namulsa18@gmail.com
Custom fee result: {"fee":40000,"days":1}
2025-12-12 23:29:52 - getShippingFee
Distance: 0.5 km, Method: 1
Cart items: 1
Distributor emails: ["namulsa18@gmail.com"]
Single distributor: namulsa18@gmail.com
Custom fee result: {"fee":7500,"days":3}
2025-12-12 23:29:55 - getShippingFee
Distance: 0.5 km, Method: 2
Cart items: 1
Distributor emails: ["namulsa18@gmail.com"]
Single distributor: namulsa18@gmail.com
Custom fee result: {"fee":12500,"days":2}
2025-12-12 23:29:57 - getShippingFee
Distance: 0.5 km, Method: 1
Cart items: 1
Distributor emails: ["namulsa18@gmail.com"]
Single distributor: namulsa18@gmail.com
Custom fee result: {"fee":7500,"days":3}
2025-12-12 23:29:58 - getShippingFee
Distance: 0.5 km, Method: 3
Cart items: 1
Distributor emails: ["namulsa18@gmail.com"]
Single distributor: namulsa18@gmail.com
Custom fee result: {"fee":40000,"days":1}
2025-12-12 23:37:36 - getShippingFee
Distance: 150 km, Method: 3
Cart items: 1
Distributor emails: ["namulsa18@gmail.com"]
Single distributor: namulsa18@gmail.com
Custom fee result: {"fee":105000000,"days":1}
2025-12-12 23:37:46 - getShippingFee
Distance: 150 km, Method: 1
Cart items: 1
Distributor emails: ["namulsa18@gmail.com"]
Single distributor: namulsa18@gmail.com
Custom fee result: {"fee":4500000,"days":3}
2025-12-12 23:39:01 - getShippingFee
Distance: 150 km, Method: 1
Cart items: 1
Distributor emails: ["namulsa18@gmail.com"]
Single distributor: namulsa18@gmail.com
Custom fee result: {"fee":4500000,"days":3}
2025-12-12 23:47:53 - getShippingFee
Distance: 150 km, Method: 1
Cart items: 1
Distributor emails: ["namulsa18@gmail.com"]
Single distributor: namulsa18@gmail.com
Custom fee result: {"fee":4500000,"days":3}
2025-12-12 23:55:33 - getShippingFee
Distance: 0.5 km, Method: 1
Cart items: 1
Distributor emails: ["namulsa18@gmail.com"]
Single distributor: namulsa18@gmail.com
Custom fee result: {"fee":7500,"days":3}
2025-12-12 23:56:54 - getShippingFee
Distance: 150 km, Method: 3
Cart items: 1
Distributor emails: ["namulsa18@gmail.com"]
Single distributor: namulsa18@gmail.com
Custom fee result: {"fee":105000000,"days":1}
2025-12-12 23:59:56 - getShippingFee
Distance: 0.5 km, Method: 3
Cart items: 1
Distributor emails: ["namulsa18@gmail.com"]
Single distributor: namulsa18@gmail.com
Custom fee result: {"fee":40000,"days":1}
2025-12-12 23:59:57 - getShippingFee
Distance: 0.5 km, Method: 1
Cart items: 1
Distributor emails: ["namulsa18@gmail.com"]
Single distributor: namulsa18@gmail.com
Custom fee result: {"fee":7500,"days":3}
2025-12-13 00:01:43 - getShippingFee
Distance: 0.5 km, Method: 1
Cart items: 1
Distributor emails: ["namulsa18@gmail.com"]
Single distributor: namulsa18@gmail.com
Custom fee result: {"fee":7500,"days":3}
2025-12-13 14:09:36 - getShippingFee
Distance: 0.5 km, Method: 1
Cart items: 1
Distributor emails: ["namulsa18@gmail.com"]
Single distributor: namulsa18@gmail.com
Custom fee result: {"fee":7500,"days":3}
